<?xml version="1.0" encoding="UTF-8"?>
<!-- Generated by org.testng.reporters.JUnitReportReporter -->
<testsuite hostname="kirankumar-mac" failures="0" tests="1" name="in.at.tests.RestAssuredPOSTRequest" time="2.741" errors="0" timestamp="2025-03-25T13:43:23 IST" skipped="0">
  <testcase classname="in.at.tests.RestAssuredPOSTRequest" name="addProductUsingExternalJSONFile" time="2.741"/>
</testsuite> <!-- in.at.tests.RestAssuredPOSTRequest -->
