<?xml version="1.0" encoding="UTF-8"?>
<!-- Generated by org.testng.reporters.JUnitReportReporter -->
<testsuite hostname="kirankumar-mac" failures="0" tests="1" name="in.at.tests.RestAssuredPOSTRequest" time="2.906" errors="0" timestamp="2025-03-25T10:36:55 IST" skipped="0">
  <testcase classname="in.at.tests.RestAssuredPOSTRequest" name="addProductUsingMap" time="2.906"/>
</testsuite> <!-- in.at.tests.RestAssuredPOSTRequest -->
