<?xml version="1.0" encoding="UTF-8"?>
<!-- Generated by org.testng.reporters.JUnitReportReporter -->
<testsuite hostname="kirankumar-mac" failures="0" tests="1" name="in.at.tests.RestAssuredGETAPITests" time="1.105" errors="0" timestamp="2025-03-24T16:32:56 IST" skipped="0">
  <testcase classname="in.at.tests.RestAssuredGETAPITests" name="RestAssuredGETAPI" time="1.105"/>
</testsuite> <!-- in.at.tests.RestAssuredGETAPITests -->
