<?xml version="1.0" encoding="UTF-8"?>
<!-- Generated by org.testng.reporters.JUnitReportReporter -->
<testsuite hostname="kirankumar-mac" failures="0" tests="1" name="in.at.tests.RestAssuredPOSTRequest" time="1.104" errors="0" timestamp="2025-03-25T09:59:51 IST" skipped="0">
  <testcase classname="in.at.tests.RestAssuredPOSTRequest" name="addProductUsingJSONAsString" time="1.104"/>
</testsuite> <!-- in.at.tests.RestAssuredPOSTRequest -->
